app/build/intermediates/manifest_merge_blame_file/debug/manifest-merger-blame-debug-report.txt
1<?xml version="1.0" encoding="utf-8"?>
2<manifest xmlns:android="http://schemas.android.com/apk/res/android"
3    package="internshala.com.echomusik"
4    android:versionCode="1"
5    android:versionName="1.0" >
6
7    <uses-sdk
8        android:minSdkVersion="15"
8-->src\main\AndroidManifest.xml
9        android:targetSdkVersion="27" />
9-->src\main\AndroidManifest.xml
10
11    <uses-feature
11-->src\main\AndroidManifest.xml:4:5-6:35
12        android:glEsVersion="0x00020000"
12-->src\main\AndroidManifest.xml:5:9-41
13        android:required="true" />
13-->src\main\AndroidManifest.xml:6:9-32
14
15    <uses-permission android:name="android.permission.READ_EXTERNAL_STORAGE" />
15-->src\main\AndroidManifest.xml:8:5-80
15-->src\main\AndroidManifest.xml:8:22-77
16    <uses-permission android:name="android.permission.RECORD_AUDIO" />
16-->src\main\AndroidManifest.xml:9:5-71
16-->src\main\AndroidManifest.xml:9:22-68
17    <uses-permission android:name="android.permission.MODIFY_AUDIO_SETTINGS" />
17-->src\main\AndroidManifest.xml:10:5-80
17-->src\main\AndroidManifest.xml:10:22-77
18    <uses-permission android:name="android.permission.READ_PHONE_STATE" />
18-->src\main\AndroidManifest.xml:11:5-91
18-->src\main\AndroidManifest.xml:11:22-72
19    <uses-permission android:name="android.permission.PROCESS_OUTGOING_CALLS" />
19-->src\main\AndroidManifest.xml:12:5-97
19-->src\main\AndroidManifest.xml:12:22-78
20
21    <application
21-->src\main\AndroidManifest.xml:14:5-50:19
22        android:allowBackup="true"
22-->src\main\AndroidManifest.xml:15:9-35
23        android:debuggable="true"
24        android:icon="@drawable/icon_echo"
24-->src\main\AndroidManifest.xml:16:9-43
25        android:label="@string/app_name"
25-->src\main\AndroidManifest.xml:17:9-41
26        android:roundIcon="@drawable/icon_echo"
26-->src\main\AndroidManifest.xml:18:9-48
27        android:supportsRtl="true"
27-->src\main\AndroidManifest.xml:19:9-35
28        android:testOnly="true"
29        android:theme="@style/AppTheme" >
29-->src\main\AndroidManifest.xml:20:9-40
30        <activity
30-->src\main\AndroidManifest.xml:22:9-32:20
31            android:name="internshala.com.echomusik.activties.SplashActivty"
31-->src\main\AndroidManifest.xml:23:13-52
32            android:label="@string/app_name"
32-->src\main\AndroidManifest.xml:24:13-45
33            android:screenOrientation="portrait"
33-->src\main\AndroidManifest.xml:25:13-49
34            android:theme="@style/AppTheme.NoActionBar" >
34-->src\main\AndroidManifest.xml:26:13-56
35            <intent-filter>
35-->src\main\AndroidManifest.xml:27:13-31:29
36                <action android:name="android.intent.action.MAIN" />
36-->src\main\AndroidManifest.xml:28:17-69
36-->src\main\AndroidManifest.xml:28:25-66
37
38                <category android:name="android.intent.category.LAUNCHER" />
38-->src\main\AndroidManifest.xml:30:17-77
38-->src\main\AndroidManifest.xml:30:27-74
39            </intent-filter>
40        </activity>
41        <activity
41-->src\main\AndroidManifest.xml:34:9-37:68
42            android:name="internshala.com.echomusik.activties.MainActivity"
42-->src\main\AndroidManifest.xml:35:13-51
43            android:screenOrientation="portrait"
43-->src\main\AndroidManifest.xml:36:13-49
44            android:theme="@style/AppTheme.NoActionBar" />
44-->src\main\AndroidManifest.xml:37:13-56
45
46        <receiver android:name="internshala.com.echomusik.utils.CaptureBroadcast" >
46-->src\main\AndroidManifest.xml:39:9-48:20
46-->src\main\AndroidManifest.xml:39:19-57
47            <intent-filter>
47-->src\main\AndroidManifest.xml:40:13-46:29
48                <action android:name="android.intent.action.PHONE_STATE" />
48-->src\main\AndroidManifest.xml:42:17-76
48-->src\main\AndroidManifest.xml:42:25-73
49                <action android:name="android.intent.action.NEW_OUTGOING_CALL" />
49-->src\main\AndroidManifest.xml:44:17-82
49-->src\main\AndroidManifest.xml:44:25-79
50            </intent-filter>
51        </receiver>
52    </application>
53
54</manifest>